build/app/intermediates/manifest_merge_blame_file/release/manifest-merger-blame-release-report.txt
1<?xml version="1.0" encoding="utf-8"?>
2<manifest xmlns:android="http://schemas.android.com/apk/res/android"
3    package="com.example.mobile_customer"
4    android:versionCode="1"
5    android:versionName="1.0.0" >
6
7    <uses-sdk
8        android:minSdkVersion="21"
8-->src\main\AndroidManifest.xml
9        android:targetSdkVersion="30" />
9-->src\main\AndroidManifest.xml
10
11    <uses-permission android:name="android.permission.INTERNET" />
11-->src\main\AndroidManifest.xml:41:5-66
11-->src\main\AndroidManifest.xml:41:22-64
12    <uses-permission android:name="android.permission.WAKE_LOCK" />
12-->[:firebase_messaging] AndroidManifest.xml:8:5-68
12-->[:firebase_messaging] AndroidManifest.xml:8:22-65
13    <uses-permission android:name="android.permission.ACCESS_NETWORK_STATE" /> <!-- Required by older versions of Google Play services to create IID tokens -->
13-->[:firebase_messaging] AndroidManifest.xml:9:5-79
13-->[:firebase_messaging] AndroidManifest.xml:9:22-76
14    <uses-permission android:name="com.google.android.c2dm.permission.RECEIVE" />
14-->[com.google.firebase:firebase-messaging:22.0.0] AndroidManifest.xml:25:5-82
14-->[com.google.firebase:firebase-messaging:22.0.0] AndroidManifest.xml:25:22-79
15    <uses-permission android:name="com.google.android.finsky.permission.BIND_GET_INSTALL_REFERRER_SERVICE" />
15-->[com.google.android.gms:play-services-measurement:19.0.1] AndroidManifest.xml:26:5-110
15-->[com.google.android.gms:play-services-measurement:19.0.1] AndroidManifest.xml:26:22-107
16
17    <application
17-->src\main\AndroidManifest.xml:3:4-40:19
18        android:appComponentFactory="androidx.core.app.CoreComponentFactory"
18-->[androidx.core:core:1.1.0] AndroidManifest.xml:24:18-86
19        android:icon="@mipmap/ic_launcher"
19-->src\main\AndroidManifest.xml:5:9-43
20        android:label="mobile_customer" >
20-->src\main\AndroidManifest.xml:4:9-40
21        <activity
21-->src\main\AndroidManifest.xml:6:9-34:20
22            android:name="com.example.mobile_customer.MainActivity"
22-->src\main\AndroidManifest.xml:7:13-41
23            android:configChanges="orientation|keyboardHidden|keyboard|screenSize|smallestScreenSize|locale|layoutDirection|fontScale|screenLayout|density|uiMode"
23-->src\main\AndroidManifest.xml:10:13-163
24            android:hardwareAccelerated="true"
24-->src\main\AndroidManifest.xml:11:13-47
25            android:launchMode="singleTop"
25-->src\main\AndroidManifest.xml:8:13-43
26            android:theme="@style/LaunchTheme"
26-->src\main\AndroidManifest.xml:9:13-47
27            android:windowSoftInputMode="adjustResize" >
27-->src\main\AndroidManifest.xml:12:13-55
28
29            <!--
30                 Specifies an Android theme to apply to this Activity as soon as
31                 the Android process has started. This theme is visible to the user
32                 while the Flutter UI initializes. After that, this theme continues
33                 to determine the Window background behind the Flutter UI.
34            -->
35            <meta-data
35-->src\main\AndroidManifest.xml:17:13-20:17
36                android:name="io.flutter.embedding.android.NormalTheme"
36-->src\main\AndroidManifest.xml:18:15-70
37                android:resource="@style/NormalTheme" />
37-->src\main\AndroidManifest.xml:19:15-52
38            <!--
39                 Displays an Android View that continues showing the launch screen
40                 Drawable until Flutter paints its first frame, then this splash
41                 screen fades out. A splash screen is useful to avoid any visual
42                 gap between the end of Android's launch screen and the painting of
43                 Flutter's first frame.
44            -->
45            <meta-data
45-->src\main\AndroidManifest.xml:26:13-29:17
46                android:name="io.flutter.embedding.android.SplashScreenDrawable"
46-->src\main\AndroidManifest.xml:27:15-79
47                android:resource="@drawable/launch_background" />
47-->src\main\AndroidManifest.xml:28:15-61
48
49            <intent-filter>
49-->src\main\AndroidManifest.xml:30:13-33:29
50                <action android:name="android.intent.action.MAIN" />
50-->src\main\AndroidManifest.xml:31:17-68
50-->src\main\AndroidManifest.xml:31:25-66
51
52                <category android:name="android.intent.category.LAUNCHER" />
52-->src\main\AndroidManifest.xml:32:17-76
52-->src\main\AndroidManifest.xml:32:27-74
53            </intent-filter>
54        </activity>
55        <!--
56             Don't delete the meta-data below.
57             This is used by the Flutter tool to generate GeneratedPluginRegistrant.java
58        -->
59        <meta-data
59-->src\main\AndroidManifest.xml:37:9-39:33
60            android:name="flutterEmbedding"
60-->src\main\AndroidManifest.xml:38:13-44
61            android:value="2" />
61-->src\main\AndroidManifest.xml:39:13-30
62
63        <service
63-->[:firebase_auth] AndroidManifest.xml:8:9-12:19
64            android:name="com.google.firebase.components.ComponentDiscoveryService"
64-->[:firebase_auth] AndroidManifest.xml:8:18-89
65            android:directBootAware="true"
65-->[com.google.firebase:firebase-common:20.0.0] AndroidManifest.xml:35:13-43
66            android:exported="false" >
66-->[com.google.firebase:firebase-messaging:22.0.0] AndroidManifest.xml:51:13-37
67            <meta-data
67-->[:firebase_auth] AndroidManifest.xml:9:13-11:85
68                android:name="com.google.firebase.components:io.flutter.plugins.firebase.auth.FlutterFirebaseAuthRegistrar"
68-->[:firebase_auth] AndroidManifest.xml:10:17-124
69                android:value="com.google.firebase.components.ComponentRegistrar" />
69-->[:firebase_auth] AndroidManifest.xml:11:17-82
70            <meta-data
70-->[:cloud_firestore] AndroidManifest.xml:9:13-11:85
71                android:name="com.google.firebase.components:io.flutter.plugins.firebase.firestore.FlutterFirebaseFirestoreRegistrar"
71-->[:cloud_firestore] AndroidManifest.xml:10:17-134
72                android:value="com.google.firebase.components.ComponentRegistrar" />
72-->[:cloud_firestore] AndroidManifest.xml:11:17-82
73            <meta-data
73-->[:firebase_messaging] AndroidManifest.xml:34:13-36:85
74                android:name="com.google.firebase.components:io.flutter.plugins.firebase.messaging.FlutterFirebaseAppRegistrar"
74-->[:firebase_messaging] AndroidManifest.xml:35:17-128
75                android:value="com.google.firebase.components.ComponentRegistrar" />
75-->[:firebase_messaging] AndroidManifest.xml:36:17-82
76            <meta-data
76-->[:firebase_core] AndroidManifest.xml:9:13-11:85
77                android:name="com.google.firebase.components:io.flutter.plugins.firebase.core.FlutterFirebaseCoreRegistrar"
77-->[:firebase_core] AndroidManifest.xml:10:17-124
78                android:value="com.google.firebase.components.ComponentRegistrar" />
78-->[:firebase_core] AndroidManifest.xml:11:17-82
79            <meta-data
79-->[com.google.firebase:firebase-messaging:22.0.0] AndroidManifest.xml:52:13-54:85
80                android:name="com.google.firebase.components:com.google.firebase.messaging.FirebaseMessagingRegistrar"
80-->[com.google.firebase:firebase-messaging:22.0.0] AndroidManifest.xml:53:17-119
81                android:value="com.google.firebase.components.ComponentRegistrar" />
81-->[com.google.firebase:firebase-messaging:22.0.0] AndroidManifest.xml:54:17-82
82            <meta-data
82-->[com.google.firebase:firebase-datatransport:18.0.0] AndroidManifest.xml:28:13-30:85
83                android:name="com.google.firebase.components:com.google.firebase.datatransport.TransportRegistrar"
83-->[com.google.firebase:firebase-datatransport:18.0.0] AndroidManifest.xml:29:17-115
84                android:value="com.google.firebase.components.ComponentRegistrar" />
84-->[com.google.firebase:firebase-datatransport:18.0.0] AndroidManifest.xml:30:17-82
85            <meta-data
85-->[com.google.firebase:firebase-auth:21.0.1] AndroidManifest.xml:77:13-79:85
86                android:name="com.google.firebase.components:com.google.firebase.auth.FirebaseAuthRegistrar"
86-->[com.google.firebase:firebase-auth:21.0.1] AndroidManifest.xml:78:17-109
87                android:value="com.google.firebase.components.ComponentRegistrar" />
87-->[com.google.firebase:firebase-auth:21.0.1] AndroidManifest.xml:79:17-82
88            <meta-data
88-->[com.google.firebase:firebase-firestore:23.0.3] AndroidManifest.xml:20:13-22:85
89                android:name="com.google.firebase.components:com.google.firebase.firestore.FirestoreRegistrar"
89-->[com.google.firebase:firebase-firestore:23.0.3] AndroidManifest.xml:21:17-111
90                android:value="com.google.firebase.components.ComponentRegistrar" />
90-->[com.google.firebase:firebase-firestore:23.0.3] AndroidManifest.xml:22:17-82
91            <meta-data
91-->[com.google.android.gms:play-services-measurement-api:19.0.1] AndroidManifest.xml:30:13-32:85
92                android:name="com.google.firebase.components:com.google.firebase.analytics.connector.internal.AnalyticsConnectorRegistrar"
92-->[com.google.android.gms:play-services-measurement-api:19.0.1] AndroidManifest.xml:31:17-139
93                android:value="com.google.firebase.components.ComponentRegistrar" />
93-->[com.google.android.gms:play-services-measurement-api:19.0.1] AndroidManifest.xml:32:17-82
94            <meta-data
94-->[com.google.firebase:firebase-installations:17.0.0] AndroidManifest.xml:18:13-20:85
95                android:name="com.google.firebase.components:com.google.firebase.installations.FirebaseInstallationsRegistrar"
95-->[com.google.firebase:firebase-installations:17.0.0] AndroidManifest.xml:19:17-127
96                android:value="com.google.firebase.components.ComponentRegistrar" />
96-->[com.google.firebase:firebase-installations:17.0.0] AndroidManifest.xml:20:17-82
97        </service>
98        <service
98-->[:firebase_messaging] AndroidManifest.xml:12:9-15:72
99            android:name="io.flutter.plugins.firebase.messaging.FlutterFirebaseMessagingBackgroundService"
99-->[:firebase_messaging] AndroidManifest.xml:13:13-107
100            android:exported="false"
100-->[:firebase_messaging] AndroidManifest.xml:14:13-37
101            android:permission="android.permission.BIND_JOB_SERVICE" />
101-->[:firebase_messaging] AndroidManifest.xml:15:13-69
102        <service
102-->[:firebase_messaging] AndroidManifest.xml:16:9-22:19
103            android:name="io.flutter.plugins.firebase.messaging.FlutterFirebaseMessagingService"
103-->[:firebase_messaging] AndroidManifest.xml:17:13-97
104            android:exported="false" >
104-->[:firebase_messaging] AndroidManifest.xml:18:13-37
105            <intent-filter>
105-->[:firebase_messaging] AndroidManifest.xml:19:13-21:29
106                <action android:name="com.google.firebase.MESSAGING_EVENT" />
106-->[:firebase_messaging] AndroidManifest.xml:20:17-78
106-->[:firebase_messaging] AndroidManifest.xml:20:25-75
107            </intent-filter>
108        </service>
109
110        <receiver
110-->[:firebase_messaging] AndroidManifest.xml:24:9-31:20
111            android:name="io.flutter.plugins.firebase.messaging.FlutterFirebaseMessagingReceiver"
111-->[:firebase_messaging] AndroidManifest.xml:25:13-98
112            android:exported="true"
112-->[:firebase_messaging] AndroidManifest.xml:26:13-36
113            android:permission="com.google.android.c2dm.permission.SEND" >
113-->[:firebase_messaging] AndroidManifest.xml:27:13-73
114            <intent-filter>
114-->[:firebase_messaging] AndroidManifest.xml:28:13-30:29
115                <action android:name="com.google.android.c2dm.intent.RECEIVE" />
115-->[:firebase_messaging] AndroidManifest.xml:29:17-81
115-->[:firebase_messaging] AndroidManifest.xml:29:25-78
116            </intent-filter>
117        </receiver>
118
119        <provider
119-->[:firebase_messaging] AndroidManifest.xml:39:9-43:38
120            android:name="io.flutter.plugins.firebase.messaging.FlutterFirebaseMessagingInitProvider"
120-->[:firebase_messaging] AndroidManifest.xml:40:13-102
121            android:authorities="com.example.mobile_customer.flutterfirebasemessaginginitprovider"
121-->[:firebase_messaging] AndroidManifest.xml:41:13-88
122            android:exported="false"
122-->[:firebase_messaging] AndroidManifest.xml:42:13-37
123            android:initOrder="99" />
123-->[:firebase_messaging] AndroidManifest.xml:43:13-35
124
125        <receiver
125-->[com.google.firebase:firebase-messaging:22.0.0] AndroidManifest.xml:28:9-35:20
126            android:name="com.google.firebase.iid.FirebaseInstanceIdReceiver"
126-->[com.google.firebase:firebase-messaging:22.0.0] AndroidManifest.xml:29:13-78
127            android:exported="true"
127-->[com.google.firebase:firebase-messaging:22.0.0] AndroidManifest.xml:30:13-36
128            android:permission="com.google.android.c2dm.permission.SEND" >
128-->[com.google.firebase:firebase-messaging:22.0.0] AndroidManifest.xml:31:13-73
129            <intent-filter>
129-->[:firebase_messaging] AndroidManifest.xml:28:13-30:29
130                <action android:name="com.google.android.c2dm.intent.RECEIVE" />
130-->[:firebase_messaging] AndroidManifest.xml:29:17-81
130-->[:firebase_messaging] AndroidManifest.xml:29:25-78
131            </intent-filter>
132        </receiver>
133        <!--
134             FirebaseMessagingService performs security checks at runtime,
135             but set to not exported to explicitly avoid allowing another app to call it.
136        -->
137        <service
137-->[com.google.firebase:firebase-messaging:22.0.0] AndroidManifest.xml:41:9-48:19
138            android:name="com.google.firebase.messaging.FirebaseMessagingService"
138-->[com.google.firebase:firebase-messaging:22.0.0] AndroidManifest.xml:42:13-82
139            android:directBootAware="true"
139-->[com.google.firebase:firebase-messaging:22.0.0] AndroidManifest.xml:43:13-43
140            android:exported="false" >
140-->[com.google.firebase:firebase-messaging:22.0.0] AndroidManifest.xml:44:13-37
141            <intent-filter android:priority="-500" >
141-->[:firebase_messaging] AndroidManifest.xml:19:13-21:29
142                <action android:name="com.google.firebase.MESSAGING_EVENT" />
142-->[:firebase_messaging] AndroidManifest.xml:20:17-78
142-->[:firebase_messaging] AndroidManifest.xml:20:25-75
143            </intent-filter>
144        </service>
145        <service
145-->[com.google.android.datatransport:transport-backend-cct:3.0.0] AndroidManifest.xml:29:9-35:19
146            android:name="com.google.android.datatransport.runtime.backends.TransportBackendDiscovery"
146-->[com.google.android.datatransport:transport-backend-cct:3.0.0] AndroidManifest.xml:30:13-103
147            android:exported="false" >
147-->[com.google.android.datatransport:transport-backend-cct:3.0.0] AndroidManifest.xml:31:13-37
148            <meta-data
148-->[com.google.android.datatransport:transport-backend-cct:3.0.0] AndroidManifest.xml:32:13-34:39
149                android:name="backend:com.google.android.datatransport.cct.CctBackendFactory"
149-->[com.google.android.datatransport:transport-backend-cct:3.0.0] AndroidManifest.xml:33:17-94
150                android:value="cct" />
150-->[com.google.android.datatransport:transport-backend-cct:3.0.0] AndroidManifest.xml:34:17-36
151        </service>
152
153        <activity
153-->[com.google.firebase:firebase-auth:21.0.1] AndroidManifest.xml:27:9-44:20
154            android:name="com.google.firebase.auth.internal.GenericIdpActivity"
154-->[com.google.firebase:firebase-auth:21.0.1] AndroidManifest.xml:28:13-80
155            android:excludeFromRecents="true"
155-->[com.google.firebase:firebase-auth:21.0.1] AndroidManifest.xml:29:13-46
156            android:exported="true"
156-->[com.google.firebase:firebase-auth:21.0.1] AndroidManifest.xml:30:13-36
157            android:launchMode="singleTask"
157-->[com.google.firebase:firebase-auth:21.0.1] AndroidManifest.xml:31:13-44
158            android:theme="@android:style/Theme.Translucent.NoTitleBar" >
158-->[com.google.firebase:firebase-auth:21.0.1] AndroidManifest.xml:32:13-72
159            <intent-filter>
159-->[com.google.firebase:firebase-auth:21.0.1] AndroidManifest.xml:33:13-43:29
160                <action android:name="android.intent.action.VIEW" />
160-->[com.google.firebase:firebase-auth:21.0.1] AndroidManifest.xml:34:17-69
160-->[com.google.firebase:firebase-auth:21.0.1] AndroidManifest.xml:34:25-66
161
162                <category android:name="android.intent.category.DEFAULT" />
162-->[com.google.firebase:firebase-auth:21.0.1] AndroidManifest.xml:36:17-76
162-->[com.google.firebase:firebase-auth:21.0.1] AndroidManifest.xml:36:27-73
163                <category android:name="android.intent.category.BROWSABLE" />
163-->[com.google.firebase:firebase-auth:21.0.1] AndroidManifest.xml:37:17-78
163-->[com.google.firebase:firebase-auth:21.0.1] AndroidManifest.xml:37:27-75
164
165                <data
165-->[com.google.firebase:firebase-auth:21.0.1] AndroidManifest.xml:39:17-42:51
166                    android:host="firebase.auth"
166-->[com.google.firebase:firebase-auth:21.0.1] AndroidManifest.xml:40:21-49
167                    android:path="/"
167-->[com.google.firebase:firebase-auth:21.0.1] AndroidManifest.xml:41:21-37
168                    android:scheme="genericidp" />
168-->[com.google.firebase:firebase-auth:21.0.1] AndroidManifest.xml:42:21-48
169            </intent-filter>
170        </activity>
171        <activity
171-->[com.google.firebase:firebase-auth:21.0.1] AndroidManifest.xml:45:9-62:20
172            android:name="com.google.firebase.auth.internal.RecaptchaActivity"
172-->[com.google.firebase:firebase-auth:21.0.1] AndroidManifest.xml:46:13-79
173            android:excludeFromRecents="true"
173-->[com.google.firebase:firebase-auth:21.0.1] AndroidManifest.xml:47:13-46
174            android:exported="true"
174-->[com.google.firebase:firebase-auth:21.0.1] AndroidManifest.xml:48:13-36
175            android:launchMode="singleTask"
175-->[com.google.firebase:firebase-auth:21.0.1] AndroidManifest.xml:49:13-44
176            android:theme="@android:style/Theme.Translucent.NoTitleBar" >
176-->[com.google.firebase:firebase-auth:21.0.1] AndroidManifest.xml:50:13-72
177            <intent-filter>
177-->[com.google.firebase:firebase-auth:21.0.1] AndroidManifest.xml:51:13-61:29
178                <action android:name="android.intent.action.VIEW" />
178-->[com.google.firebase:firebase-auth:21.0.1] AndroidManifest.xml:34:17-69
178-->[com.google.firebase:firebase-auth:21.0.1] AndroidManifest.xml:34:25-66
179
180                <category android:name="android.intent.category.DEFAULT" />
180-->[com.google.firebase:firebase-auth:21.0.1] AndroidManifest.xml:36:17-76
180-->[com.google.firebase:firebase-auth:21.0.1] AndroidManifest.xml:36:27-73
181                <category android:name="android.intent.category.BROWSABLE" />
181-->[com.google.firebase:firebase-auth:21.0.1] AndroidManifest.xml:37:17-78
181-->[com.google.firebase:firebase-auth:21.0.1] AndroidManifest.xml:37:27-75
182
183                <data
183-->[com.google.firebase:firebase-auth:21.0.1] AndroidManifest.xml:39:17-42:51
184                    android:host="firebase.auth"
184-->[com.google.firebase:firebase-auth:21.0.1] AndroidManifest.xml:40:21-49
185                    android:path="/"
185-->[com.google.firebase:firebase-auth:21.0.1] AndroidManifest.xml:41:21-37
186                    android:scheme="recaptcha" />
186-->[com.google.firebase:firebase-auth:21.0.1] AndroidManifest.xml:42:21-48
187            </intent-filter>
188        </activity>
189
190        <service
190-->[com.google.firebase:firebase-auth:21.0.1] AndroidManifest.xml:64:9-73:19
191            android:name="com.google.firebase.auth.api.fallback.service.FirebaseAuthFallbackService"
191-->[com.google.firebase:firebase-auth:21.0.1] AndroidManifest.xml:65:13-101
192            android:enabled="true"
192-->[com.google.firebase:firebase-auth:21.0.1] AndroidManifest.xml:66:13-35
193            android:exported="false" >
193-->[com.google.firebase:firebase-auth:21.0.1] AndroidManifest.xml:67:13-37
194            <intent-filter>
194-->[com.google.firebase:firebase-auth:21.0.1] AndroidManifest.xml:68:13-72:29
195                <action android:name="com.google.firebase.auth.api.gms.service.START" />
195-->[com.google.firebase:firebase-auth:21.0.1] AndroidManifest.xml:69:17-89
195-->[com.google.firebase:firebase-auth:21.0.1] AndroidManifest.xml:69:25-86
196
197                <category android:name="android.intent.category.DEFAULT" />
197-->[com.google.firebase:firebase-auth:21.0.1] AndroidManifest.xml:36:17-76
197-->[com.google.firebase:firebase-auth:21.0.1] AndroidManifest.xml:36:27-73
198            </intent-filter>
199        </service>
200
201        <provider
201-->[com.google.firebase:firebase-common:20.0.0] AndroidManifest.xml:26:9-31:39
202            android:name="com.google.firebase.provider.FirebaseInitProvider"
202-->[com.google.firebase:firebase-common:20.0.0] AndroidManifest.xml:27:13-77
203            android:authorities="com.example.mobile_customer.firebaseinitprovider"
203-->[com.google.firebase:firebase-common:20.0.0] AndroidManifest.xml:28:13-72
204            android:directBootAware="true"
204-->[com.google.firebase:firebase-common:20.0.0] AndroidManifest.xml:29:13-43
205            android:exported="false"
205-->[com.google.firebase:firebase-common:20.0.0] AndroidManifest.xml:30:13-37
206            android:initOrder="100" />
206-->[com.google.firebase:firebase-common:20.0.0] AndroidManifest.xml:31:13-36
207
208        <receiver
208-->[com.google.android.gms:play-services-measurement:19.0.1] AndroidManifest.xml:29:9-33:20
209            android:name="com.google.android.gms.measurement.AppMeasurementReceiver"
209-->[com.google.android.gms:play-services-measurement:19.0.1] AndroidManifest.xml:30:13-85
210            android:enabled="true"
210-->[com.google.android.gms:play-services-measurement:19.0.1] AndroidManifest.xml:31:13-35
211            android:exported="false" >
211-->[com.google.android.gms:play-services-measurement:19.0.1] AndroidManifest.xml:32:13-37
212        </receiver>
213
214        <service
214-->[com.google.android.gms:play-services-measurement:19.0.1] AndroidManifest.xml:35:9-38:40
215            android:name="com.google.android.gms.measurement.AppMeasurementService"
215-->[com.google.android.gms:play-services-measurement:19.0.1] AndroidManifest.xml:36:13-84
216            android:enabled="true"
216-->[com.google.android.gms:play-services-measurement:19.0.1] AndroidManifest.xml:37:13-35
217            android:exported="false" />
217-->[com.google.android.gms:play-services-measurement:19.0.1] AndroidManifest.xml:38:13-37
218        <service
218-->[com.google.android.gms:play-services-measurement:19.0.1] AndroidManifest.xml:39:9-43:72
219            android:name="com.google.android.gms.measurement.AppMeasurementJobService"
219-->[com.google.android.gms:play-services-measurement:19.0.1] AndroidManifest.xml:40:13-87
220            android:enabled="true"
220-->[com.google.android.gms:play-services-measurement:19.0.1] AndroidManifest.xml:41:13-35
221            android:exported="false"
221-->[com.google.android.gms:play-services-measurement:19.0.1] AndroidManifest.xml:42:13-37
222            android:permission="android.permission.BIND_JOB_SERVICE" />
222-->[com.google.android.gms:play-services-measurement:19.0.1] AndroidManifest.xml:43:13-69
223
224        <activity
224-->[com.google.android.gms:play-services-auth:16.0.1] AndroidManifest.xml:23:9-27:75
225            android:name="com.google.android.gms.auth.api.signin.internal.SignInHubActivity"
225-->[com.google.android.gms:play-services-auth:16.0.1] AndroidManifest.xml:24:13-93
226            android:excludeFromRecents="true"
226-->[com.google.android.gms:play-services-auth:16.0.1] AndroidManifest.xml:25:13-46
227            android:exported="false"
227-->[com.google.android.gms:play-services-auth:16.0.1] AndroidManifest.xml:26:13-37
228            android:theme="@android:style/Theme.Translucent.NoTitleBar" />
228-->[com.google.android.gms:play-services-auth:16.0.1] AndroidManifest.xml:27:13-72
229        <!--
230            Service handling Google Sign-In user revocation. For apps that do not integrate with
231            Google Sign-In, this service will never be started.
232        -->
233        <service
233-->[com.google.android.gms:play-services-auth:16.0.1] AndroidManifest.xml:33:9-36:110
234            android:name="com.google.android.gms.auth.api.signin.RevocationBoundService"
234-->[com.google.android.gms:play-services-auth:16.0.1] AndroidManifest.xml:34:13-89
235            android:exported="true"
235-->[com.google.android.gms:play-services-auth:16.0.1] AndroidManifest.xml:35:13-36
236            android:permission="com.google.android.gms.auth.api.signin.permission.REVOCATION_NOTIFICATION" />
236-->[com.google.android.gms:play-services-auth:16.0.1] AndroidManifest.xml:36:13-107
237
238        <activity
238-->[com.google.android.gms:play-services-base:17.1.0] AndroidManifest.xml:23:9-26:75
239            android:name="com.google.android.gms.common.api.GoogleApiActivity"
239-->[com.google.android.gms:play-services-base:17.1.0] AndroidManifest.xml:24:13-79
240            android:exported="false"
240-->[com.google.android.gms:play-services-base:17.1.0] AndroidManifest.xml:25:13-37
241            android:theme="@android:style/Theme.Translucent.NoTitleBar" />
241-->[com.google.android.gms:play-services-base:17.1.0] AndroidManifest.xml:26:13-72
242
243        <meta-data
243-->[com.google.android.gms:play-services-basement:17.1.0] AndroidManifest.xml:23:9-25:69
244            android:name="com.google.android.gms.version"
244-->[com.google.android.gms:play-services-basement:17.1.0] AndroidManifest.xml:24:13-58
245            android:value="@integer/google_play_services_version" />
245-->[com.google.android.gms:play-services-basement:17.1.0] AndroidManifest.xml:25:13-66
246
247        <service
247-->[com.google.android.datatransport:transport-runtime:3.0.0] AndroidManifest.xml:26:9-30:19
248            android:name="com.google.android.datatransport.runtime.scheduling.jobscheduling.JobInfoSchedulerService"
248-->[com.google.android.datatransport:transport-runtime:3.0.0] AndroidManifest.xml:27:13-117
249            android:exported="false"
249-->[com.google.android.datatransport:transport-runtime:3.0.0] AndroidManifest.xml:28:13-37
250            android:permission="android.permission.BIND_JOB_SERVICE" >
250-->[com.google.android.datatransport:transport-runtime:3.0.0] AndroidManifest.xml:29:13-69
251        </service>
252
253        <receiver
253-->[com.google.android.datatransport:transport-runtime:3.0.0] AndroidManifest.xml:32:9-34:40
254            android:name="com.google.android.datatransport.runtime.scheduling.jobscheduling.AlarmManagerSchedulerBroadcastReceiver"
254-->[com.google.android.datatransport:transport-runtime:3.0.0] AndroidManifest.xml:33:13-132
255            android:exported="false" />
255-->[com.google.android.datatransport:transport-runtime:3.0.0] AndroidManifest.xml:34:13-37
256    </application>
257
258</manifest>